<?xml version="1.0" encoding="UTF-8" ?>
<testsuite tests="6" failures="0" name="com.cg.runner.TestRunner" time="1.682" errors="0" skipped="5">
  <properties>
[...]
</properties>
  <testcase classname="Scenario: positive Test Scenario" name="Given usre is on loginpage" time="0.279">
    <skipped/>
  </testcase>
  <testcase classname="Scenario: positive Test Scenario" name="When user enters un and pw" time="0.28">
    <skipped/>
  </testcase>
  <testcase classname="Scenario: positive Test Scenario" name="And user clicks on signin link" time="0.28">
    <skipped/>
  </testcase>
  <testcase classname="Scenario: positive Test Scenario" name="Then user is on home page" time="0.28">
    <skipped/>
  </testcase>
  <testcase classname="Scenario: positive Test Scenario" name="Scenario: positive Test Scenario" time="0.281">
    <skipped/>
  </testcase>
  <testcase classname="Scenario: positive Test Scenario" name="Scenario: positive Test Scenario" time="0.282"/>
</testsuite>